0 info it worked if it ends with ok
1 verbose cli [ '/usr/bin/node', '/usr/bin/npm', 'publish' ]
2 info using npm@1.3.11
3 info using node@v0.10.21
4 verbose node symlink /usr/bin/node
5 verbose publish [ '.' ]
6 verbose cache add [ '.', null ]
7 verbose cache add name=undefined spec="." args=[".",null]
8 verbose parsed url { protocol: null,
8 verbose parsed url   slashes: null,
8 verbose parsed url   auth: null,
8 verbose parsed url   host: null,
8 verbose parsed url   port: null,
8 verbose parsed url   hostname: null,
8 verbose parsed url   hash: null,
8 verbose parsed url   search: null,
8 verbose parsed url   query: null,
8 verbose parsed url   pathname: '.',
8 verbose parsed url   path: '.',
8 verbose parsed url   href: '.' }
9 silly lockFile 3a52ce78- .
10 verbose lock . /home/dan/.npm/3a52ce78-.lock
11 verbose tar pack [ '/home/dan/tmp/npm-7311-0mjuYrpl/1383286280288-0.8702376270666718/tmp.tgz',
11 verbose tar pack   '.' ]
12 verbose tarball /home/dan/tmp/npm-7311-0mjuYrpl/1383286280288-0.8702376270666718/tmp.tgz
13 verbose folder .
14 silly lockFile 1f1177db-tar tar://.
15 verbose lock tar://. /home/dan/.npm/1f1177db-tar.lock
16 silly lockFile 27deec28-80288-0-8702376270666718-tmp-tgz tar:///home/dan/tmp/npm-7311-0mjuYrpl/1383286280288-0.8702376270666718/tmp.tgz
17 verbose lock tar:///home/dan/tmp/npm-7311-0mjuYrpl/1383286280288-0.8702376270666718/tmp.tgz /home/dan/.npm/27deec28-80288-0-8702376270666718-tmp-tgz.lock
18 silly lockFile 1f1177db-tar tar://.
19 silly lockFile 1f1177db-tar tar://.
20 silly lockFile 27deec28-80288-0-8702376270666718-tmp-tgz tar:///home/dan/tmp/npm-7311-0mjuYrpl/1383286280288-0.8702376270666718/tmp.tgz
21 silly lockFile 27deec28-80288-0-8702376270666718-tmp-tgz tar:///home/dan/tmp/npm-7311-0mjuYrpl/1383286280288-0.8702376270666718/tmp.tgz
22 verbose tar unpack /home/dan/tmp/npm-7311-0mjuYrpl/1383286280288-0.8702376270666718/tmp.tgz
23 silly lockFile 4ccb4d91-80288-0-8702376270666718-package tar:///home/dan/tmp/npm-7311-0mjuYrpl/1383286280288-0.8702376270666718/package
24 verbose lock tar:///home/dan/tmp/npm-7311-0mjuYrpl/1383286280288-0.8702376270666718/package /home/dan/.npm/4ccb4d91-80288-0-8702376270666718-package.lock
25 silly lockFile 27deec28-80288-0-8702376270666718-tmp-tgz tar:///home/dan/tmp/npm-7311-0mjuYrpl/1383286280288-0.8702376270666718/tmp.tgz
26 verbose lock tar:///home/dan/tmp/npm-7311-0mjuYrpl/1383286280288-0.8702376270666718/tmp.tgz /home/dan/.npm/27deec28-80288-0-8702376270666718-tmp-tgz.lock
27 silly gunzTarPerm modes [ '755', '644' ]
28 silly gunzTarPerm extractEntry package.json
29 silly gunzTarPerm extractEntry .npmignore
30 silly gunzTarPerm extractEntry README.md
31 silly gunzTarPerm extractEntry imoapi.js
32 silly lockFile 4ccb4d91-80288-0-8702376270666718-package tar:///home/dan/tmp/npm-7311-0mjuYrpl/1383286280288-0.8702376270666718/package
33 silly lockFile 4ccb4d91-80288-0-8702376270666718-package tar:///home/dan/tmp/npm-7311-0mjuYrpl/1383286280288-0.8702376270666718/package
34 silly lockFile 27deec28-80288-0-8702376270666718-tmp-tgz tar:///home/dan/tmp/npm-7311-0mjuYrpl/1383286280288-0.8702376270666718/tmp.tgz
35 silly lockFile 27deec28-80288-0-8702376270666718-tmp-tgz tar:///home/dan/tmp/npm-7311-0mjuYrpl/1383286280288-0.8702376270666718/tmp.tgz
36 verbose tar pack [ '/home/dan/.npm/imoapi/0.1.0/package.tgz',
36 verbose tar pack   '/home/dan/tmp/npm-7311-0mjuYrpl/1383286280288-0.8702376270666718/package' ]
37 verbose tarball /home/dan/.npm/imoapi/0.1.0/package.tgz
38 verbose folder /home/dan/tmp/npm-7311-0mjuYrpl/1383286280288-0.8702376270666718/package
39 silly lockFile 4ccb4d91-80288-0-8702376270666718-package tar:///home/dan/tmp/npm-7311-0mjuYrpl/1383286280288-0.8702376270666718/package
40 verbose lock tar:///home/dan/tmp/npm-7311-0mjuYrpl/1383286280288-0.8702376270666718/package /home/dan/.npm/4ccb4d91-80288-0-8702376270666718-package.lock
41 silly lockFile 026f5e8f-dan-npm-imoapi-0-1-0-package-tgz tar:///home/dan/.npm/imoapi/0.1.0/package.tgz
42 verbose lock tar:///home/dan/.npm/imoapi/0.1.0/package.tgz /home/dan/.npm/026f5e8f-dan-npm-imoapi-0-1-0-package-tgz.lock
43 silly lockFile 4ccb4d91-80288-0-8702376270666718-package tar:///home/dan/tmp/npm-7311-0mjuYrpl/1383286280288-0.8702376270666718/package
44 silly lockFile 4ccb4d91-80288-0-8702376270666718-package tar:///home/dan/tmp/npm-7311-0mjuYrpl/1383286280288-0.8702376270666718/package
45 silly lockFile 026f5e8f-dan-npm-imoapi-0-1-0-package-tgz tar:///home/dan/.npm/imoapi/0.1.0/package.tgz
46 silly lockFile 026f5e8f-dan-npm-imoapi-0-1-0-package-tgz tar:///home/dan/.npm/imoapi/0.1.0/package.tgz
47 silly lockFile b7b3b8cc-ome-dan-npm-imoapi-0-1-0-package /home/dan/.npm/imoapi/0.1.0/package
48 verbose lock /home/dan/.npm/imoapi/0.1.0/package /home/dan/.npm/b7b3b8cc-ome-dan-npm-imoapi-0-1-0-package.lock
49 silly lockFile b7b3b8cc-ome-dan-npm-imoapi-0-1-0-package /home/dan/.npm/imoapi/0.1.0/package
50 silly lockFile b7b3b8cc-ome-dan-npm-imoapi-0-1-0-package /home/dan/.npm/imoapi/0.1.0/package
51 verbose tar unpack /home/dan/.npm/imoapi/0.1.0/package.tgz
52 silly lockFile 7fead2f5-ome-dan-npm-imoapi-0-1-0-package tar:///home/dan/.npm/imoapi/0.1.0/package
53 verbose lock tar:///home/dan/.npm/imoapi/0.1.0/package /home/dan/.npm/7fead2f5-ome-dan-npm-imoapi-0-1-0-package.lock
54 silly lockFile 026f5e8f-dan-npm-imoapi-0-1-0-package-tgz tar:///home/dan/.npm/imoapi/0.1.0/package.tgz
55 verbose lock tar:///home/dan/.npm/imoapi/0.1.0/package.tgz /home/dan/.npm/026f5e8f-dan-npm-imoapi-0-1-0-package-tgz.lock
56 silly gunzTarPerm modes [ '755', '644' ]
57 silly gunzTarPerm extractEntry package.json
58 silly gunzTarPerm extractEntry .npmignore
59 silly gunzTarPerm extractEntry README.md
60 silly gunzTarPerm extractEntry imoapi.js
61 silly lockFile 7fead2f5-ome-dan-npm-imoapi-0-1-0-package tar:///home/dan/.npm/imoapi/0.1.0/package
62 silly lockFile 7fead2f5-ome-dan-npm-imoapi-0-1-0-package tar:///home/dan/.npm/imoapi/0.1.0/package
63 silly lockFile 026f5e8f-dan-npm-imoapi-0-1-0-package-tgz tar:///home/dan/.npm/imoapi/0.1.0/package.tgz
64 silly lockFile 026f5e8f-dan-npm-imoapi-0-1-0-package-tgz tar:///home/dan/.npm/imoapi/0.1.0/package.tgz
65 verbose chmod /home/dan/.npm/imoapi/0.1.0/package.tgz 644
66 verbose chown /home/dan/.npm/imoapi/0.1.0/package.tgz [ 1000, 1000 ]
67 silly lockFile 3a52ce78- .
68 silly lockFile 3a52ce78- .
69 silly publish { name: 'imoapi',
69 silly publish   version: '0.1.0',
69 silly publish   author: { name: 'Dan Hlavenka', email: 'dan@xd6.co' },
69 silly publish   description: 'Interact with the imo.im API using Node.JS',
69 silly publish   main: './imoapi.js',
69 silly publish   dependencies: { ws: '0.4.x' },
69 silly publish   repository:
69 silly publish    { type: 'git',
69 silly publish      url: 'https://github.com/DanH42/imoapi-nodejs.git' },
69 silly publish   license: 'MIT',
69 silly publish   engines: { node: '>=0.4' },
69 silly publish   readme: 'imoapi-nodejs\n=============\n\nUsage of this library is kept as similar as possible to the browser-based API, so this README assumes you already have familiarity with it. If not, check out [the official documentation](https://imo.im/developers/).\n\nExample\n-------\n\nThe `IMO.Channel` constructor takes one extra parameter: the `ch_id` of the channel you\'re connecting to. Other than that, nothing major changes:\n\n    var IMO = require(\'imoapi\');\n    \n    var channel = null;\n    \n    function connect(){\n    \tvar client = {\n    \t\tconnect: function(){\n    \t\t\tconsole.log("Connected! :)");\n    \t\t\tchannel.subscribe([{type: "event_queue", name: "message"},], 0);\n    \t\t},\n    \t\tevent_queue: function(name, event){\n    \t\t\tconsole.log(name, event);\n    \t\t}\n    \t};\n    \treturn new IMO.Channel(client, "12345678901234567890");\n    };\n    \n    channel = connect();\n\nCaveats / To Do\n---------------\n\n- Currently you will be assigned a random token each time you connect to a channel, and can not set your own.\n- The server message `session_expired` is not handled.\n',
69 silly publish   readmeFilename: 'README.md',
69 silly publish   bugs: { url: 'https://github.com/DanH42/imoapi-nodejs/issues' },
69 silly publish   _id: 'imoapi@0.1.0',
69 silly publish   dist: { shasum: '65fe4f0c3830519317b065e6f1e4952cdadc7c0f' },
69 silly publish   _from: '.' }
70 verbose url raw imoapi
71 verbose url resolving [ 'https://registry.npmjs.org/', './imoapi' ]
72 verbose url resolved https://registry.npmjs.org/imoapi
73 info trying registry request attempt 1 at 01:11:20
74 http PUT https://registry.npmjs.org/imoapi
75 http 409 https://registry.npmjs.org/imoapi
76 verbose url raw imoapi
77 verbose url resolving [ 'https://registry.npmjs.org/', './imoapi' ]
78 verbose url resolved https://registry.npmjs.org/imoapi
79 info trying registry request attempt 1 at 01:11:21
80 http GET https://registry.npmjs.org/imoapi
81 http 200 https://registry.npmjs.org/imoapi
82 error publish fail Cannot publish over existing version.
82 error publish fail Update the 'version' field in package.json and try again.
82 error publish fail
82 error publish fail If the previous version was published in error, see:
82 error publish fail     npm help unpublish
82 error publish fail
82 error publish fail To automatically increment version numbers, see:
82 error publish fail     npm help version
83 error System Linux 3.5.0-17-generic
84 error command "/usr/bin/node" "/usr/bin/npm" "publish"
85 error cwd /home/dan/Dropbox/Code/imoapi-nodejs
86 error node -v v0.10.21
87 error npm -v 1.3.11
88 error code EPUBLISHCONFLICT
89 verbose exit [ 1, true ]
